ERROR 2017-05-05 20:11:11 unity.settings UnitySettings.cpp:244 Invalid monitor index: -1. Returning index 0 monitor instead.

(process:2820): GLib-CRITICAL **: g_slice_set_config: assertion 'sys_page_size == 0' failed
/var/lib/apt/lists/lock:
WARNING: content window passed to PrivateBrowsingUtils.isWindowPrivate. Use isContentWindowPrivate instead (but only for frame scripts).
pbu_isWindowPrivate@resource://gre/modules/PrivateBrowsingUtils.jsm:25:14
pbs<@resource://unity/observer.js:38:71
Observer.prototype.observe@resource://unity/observer.js:77:24
get_contentWindow@chrome://global/content/bindings/browser.xml:428:54
get_outerWindowID@chrome://global/content/bindings/browser.xml:412:11
tabbrowser_XBL_Constructor@chrome://browser/content/tabbrowser.xml:3888:13
WARNING: content window passed to PrivateBrowsingUtils.isWindowPrivate. Use isContentWindowPrivate instead (but only for frame scripts).
pbu_isWindowPrivate@resource://gre/modules/PrivateBrowsingUtils.jsm:25:14
pbs<@resource://unity/observer.js:38:71
Observer.prototype.observe@resource://unity/observer.js:77:24
WARNING: content window passed to PrivateBrowsingUtils.isWindowPrivate. Use isContentWindowPrivate instead (but only for frame scripts).
pbu_isWindowPrivate@resource://gre/modules/PrivateBrowsingUtils.jsm:25:14
pbs<@resource://unity/observer.js:38:71
Observer.prototype.observe@resource://unity/observer.js:77:24
WARNING: content window passed to PrivateBrowsingUtils.isWindowPrivate. Use isContentWindowPrivate instead (but only for frame scripts).
pbu_isWindowPrivate@resource://gre/modules/PrivateBrowsingUtils.jsm:25:14
pbs<@resource://unity/observer.js:38:71
Observer.prototype.observe@resource://unity/observer.js:77:24
WARNING: content window passed to PrivateBrowsingUtils.isWindowPrivate. Use isContentWindowPrivate instead (but only for frame scripts).
pbu_isWindowPrivate@resource://gre/modules/PrivateBrowsingUtils.jsm:25:14
pbs<@resource://unity/observer.js:38:71
Observer.prototype.observe@resource://unity/observer.js:77:24
get_contentWindow@chrome://global/content/bindings/browser.xml:428:54
get_securityUI@chrome://global/content/bindings/browser.xml:674:17
browser_XBL_Constructor@chrome://global/content/bindings/browser.xml:798:17
SelfSupportBackendInternal._makeHiddenBrowser/<@resource:///modules/SelfSupportBackend.jsm:192:7
WARNING: content window passed to PrivateBrowsingUtils.isWindowPrivate. Use isContentWindowPrivate instead (but only for frame scripts).
pbu_isWindowPrivate@resource://gre/modules/PrivateBrowsingUtils.jsm:25:14
pbs<@resource://unity/observer.js:38:71
Observer.prototype.observe@resource://unity/observer.js:77:24
WARNING: content window passed to PrivateBrowsingUtils.isWindowPrivate. Use isContentWindowPrivate instead (but only for frame scripts).
pbu_isWindowPrivate@resource://gre/modules/PrivateBrowsingUtils.jsm:25:14
pbs<@resource://unity/observer.js:38:71
Observer.prototype.observe@resource://unity/observer.js:77:24
WARNING: content window passed to PrivateBrowsingUtils.isWindowPrivate. Use isContentWindowPrivate instead (but only for frame scripts).
pbu_isWindowPrivate@resource://gre/modules/PrivateBrowsingUtils.jsm:25:14
pbs<@resource://unity/observer.js:38:71
Observer.prototype.observe@resource://unity/observer.js:77:24
s_hf.ka/a@https://www.google.co.in/xjs/_/js/k=xjs.s.en.hUm3JuA4jzc.O/m=sx,c,sb,cdos,cr,elog,hsm,jsa,r,qsm,j,p,d,csi/am=AEdAUR4vOAD5P0IoCDchLEgpMDGA/rt=j/d=1/t=zcms/rs=ACT90oEZk_A7uIgkv2MEWREb-Ic1ty8DHA:167:290
s_hf.ka@https://www.google.co.in/xjs/_/js/k=xjs.s.en.hUm3JuA4jzc.O/m=sx,c,sb,cdos,cr,elog,hsm,jsa,r,qsm,j,p,d,csi/am=AEdAUR4vOAD5P0IoCDchLEgpMDGA/rt=j/d=1/t=zcms/rs=ACT90oEZk_A7uIgkv2MEWREb-Ic1ty8DHA:168:194
s_hf@https://www.google.co.in/xjs/_/js/k=xjs.s.en.hUm3JuA4jzc.O/m=sx,c,sb,cdos,cr,elog,hsm,jsa,r,qsm,j,p,d,csi/am=AEdAUR4vOAD5P0IoCDchLEgpMDGA/rt=j/d=1/t=zcms/rs=ACT90oEZk_A7uIgkv2MEWREb-Ic1ty8DHA:166:199
s_.yN@https://www.google.co.in/xjs/_/js/k=xjs.s.en.hUm3JuA4jzc.O/m=sx,c,sb,cdos,cr,elog,hsm,jsa,r,qsm,j,p,d,csi/am=AEdAUR4vOAD5P0IoCDchLEgpMDGA/rt=j/d=1/t=zcms/rs=ACT90oEZk_A7uIgkv2MEWREb-Ic1ty8DHA:239:118
s__f@https://www.google.co.in/xjs/_/js/k=xjs.s.en.hUm3JuA4jzc.O/m=sx,c,sb,cdos,cr,elog,hsm,jsa,r,qsm,j,p,d,csi/am=AEdAUR4vOAD5P0IoCDchLEgpMDGA/rt=j/d=1/t=zcms/rs=ACT90oEZk_A7uIgkv2MEWREb-Ic1ty8DHA:240:44
s_zga@https://www.google.co.in/xjs/_/js/k=xjs.s.en.hUm3JuA4jzc.O/m=sx,c,sb,cdos,cr,elog,hsm,jsa,r,qsm,j,p,d,csi/am=AEdAUR4vOAD5P0IoCDchLEgpMDGA/rt=j/d=1/t=zcms/rs=ACT90oEZk_A7uIgkv2MEWREb-Ic1ty8DHA:469:343
s_Aga@https://www.google.co.in/xjs/_/js/k=xjs.s.en.hUm3JuA4jzc.O/m=sx,c,sb,cdos,cr,elog,hsm,jsa,r,qsm,j,p,d,csi/am=AEdAUR4vOAD5P0IoCDchLEgpMDGA/rt=j/d=1/t=zcms/rs=ACT90oEZk_A7uIgkv2MEWREb-Ic1ty8DHA:470:181
s_Cga@https://www.google.co.in/xjs/_/js/k=xjs.s.en.hUm3JuA4jzc.O/m=sx,c,sb,cdos,cr,elog,hsm,jsa,r,qsm,j,p,d,csi/am=AEdAUR4vOAD5P0IoCDchLEgpMDGA/rt=j/d=1/t=zcms/rs=ACT90oEZk_A7uIgkv2MEWREb-Ic1ty8DHA:470:98
s_jga@https://www.google.co.in/xjs/_/js/k=xjs.s.en.hUm3JuA4jzc.O/m=sx,c,sb,cdos,cr,elog,hsm,jsa,r,qsm,j,p,d,csi/am=AEdAUR4vOAD5P0IoCDchLEgpMDGA/rt=j/d=1/t=zcms/rs=ACT90oEZk_A7uIgkv2MEWREb-Ic1ty8DHA:470:1
s_kga@https://www.google.co.in/xjs/_/js/k=xjs.s.en.hUm3JuA4jzc.O/m=sx,c,sb,cdos,cr,elog,hsm,jsa,r,qsm,j,p,d,csi/am=AEdAUR4vOAD5P0IoCDchLEgpMDGA/rt=j/d=1/t=zcms/rs=ACT90oEZk_A7uIgkv2MEWREb-Ic1ty8DHA:466:377
s_Hga@https://www.google.co.in/xjs/_/js/k=xjs.s.en.hUm3JuA4jzc.O/m=sx,c,sb,cdos,cr,elog,hsm,jsa,r,qsm,j,p,d,csi/am=AEdAUR4vOAD5P0IoCDchLEgpMDGA/rt=j/d=1/t=zcms/rs=ACT90oEZk_A7uIgkv2MEWREb-Ic1ty8DHA:472:68
@https://www.google.co.in/xjs/_/js/k=xjs.s.en.hUm3JuA4jzc.O/m=sx,c,sb,cdos,cr,elog,hsm,jsa,r,qsm,j,p,d,csi/am=AEdAUR4vOAD5P0IoCDchLEgpMDGA/rt=j/d=1/t=zcms/rs=ACT90oEZk_A7uIgkv2MEWREb-Ic1ty8DHA:482:273
WARNING: content window passed to PrivateBrowsingUtils.isWindowPrivate. Use isContentWindowPrivate instead (but only for frame scripts).
pbu_isWindowPrivate@resource://gre/modules/PrivateBrowsingUtils.jsm:25:14
pbs<@resource://unity/observer.js:38:71
Observer.prototype.observe@resource://unity/observer.js:77:24
rt@https://www.gstatic.com/og/_/js/k=og.og2.en_US.lt5LDE_tEJw.O/rt=j/m=def/exm=in,fot/d=1/ed=1/rs=AA2YrTsizlCv_Mwwng2zrtE34d6dGcLnOA:178:382
qt.prototype.open@https://www.gstatic.com/og/_/js/k=og.og2.en_US.lt5LDE_tEJw.O/rt=j/m=def/exm=in,fot/d=1/ed=1/rs=AA2YrTsizlCv_Mwwng2zrtE34d6dGcLnOA:179:57
qt.prototype.K@https://www.gstatic.com/og/_/js/k=og.og2.en_US.lt5LDE_tEJw.O/rt=j/m=def/exm=in,fot/d=1/ed=1/rs=AA2YrTsizlCv_Mwwng2zrtE34d6dGcLnOA:184:293
qt@https://www.gstatic.com/og/_/js/k=og.og2.en_US.lt5LDE_tEJw.O/rt=j/m=def/exm=in,fot/d=1/ed=1/rs=AA2YrTsizlCv_Mwwng2zrtE34d6dGcLnOA:177:439
_.k.dh/<@https://www.gstatic.com/og/_/js/k=og.og2.en_US.lt5LDE_tEJw.O/rt=j/m=def/exm=in,fot/d=1/ed=1/rs=AA2YrTsizlCv_Mwwng2zrtE34d6dGcLnOA:200:236
_.k.Fd@https://www.gstatic.com/og/_/js/k=og.og2.en_US.lt5LDE_tEJw.O/rt=j/m=def/exm=in,fot/d=1/ed=1/rs=AA2YrTsizlCv_Mwwng2zrtE34d6dGcLnOA:192:141
ta.prototype.Ra@https://www.google.co.in/search?client=ubuntu&channel=fs&q=github&ie=utf-8&oe=utf-8&gfe_rd=cr&ei=5j4NWe2IIO2K8QeEsYWADA:21:129
ua.prototype.Ra@https://www.google.co.in/search?client=ubuntu&channel=fs&q=github&ie=utf-8&oe=utf-8&gfe_rd=cr&ei=5j4NWe2IIO2K8QeEsYWADA:22:249
@https://www.gstatic.com/og/_/js/k=og.og2.en_US.lt5LDE_tEJw.O/rt=j/m=def/exm=in,fot/d=1/ed=1/rs=AA2YrTsizlCv_Mwwng2zrtE34d6dGcLnOA:244:115
_.Jg@https://www.google.co.in/search?client=ubuntu&channel=fs&q=github&ie=utf-8&oe=utf-8&gfe_rd=cr&ei=5j4NWe2IIO2K8QeEsYWADA:278:180
@https://www.gstatic.com/og/_/js/k=og.og2.en_US.lt5LDE_tEJw.O/rt=j/m=def/exm=in,fot/d=1/ed=1/rs=AA2YrTsizlCv_Mwwng2zrtE34d6dGcLnOA:244:1
@https://www.gstatic.com/og/_/js/k=og.og2.en_US.lt5LDE_tEJw.O/rt=j/m=def/exm=in,fot/d=1/ed=1/rs=AA2YrTsizlCv_Mwwng2zrtE34d6dGcLnOA:2:1
WARNING: content window passed to PrivateBrowsingUtils.isWindowPrivate. Use isContentWindowPrivate instead (but only for frame scripts).
pbu_isWindowPrivate@resource://gre/modules/PrivateBrowsingUtils.jsm:25:14
pbs<@resource://unity/observer.js:38:71
Observer.prototype.observe@resource://unity/observer.js:77:24
qt.prototype.open@https://www.gstatic.com/og/_/js/k=og.og2.en_US.lt5LDE_tEJw.O/rt=j/m=def/exm=in,fot/d=1/ed=1/rs=AA2YrTsizlCv_Mwwng2zrtE34d6dGcLnOA:179:93
qt.prototype.K@https://www.gstatic.com/og/_/js/k=og.og2.en_US.lt5LDE_tEJw.O/rt=j/m=def/exm=in,fot/d=1/ed=1/rs=AA2YrTsizlCv_Mwwng2zrtE34d6dGcLnOA:184:293
qt@https://www.gstatic.com/og/_/js/k=og.og2.en_US.lt5LDE_tEJw.O/rt=j/m=def/exm=in,fot/d=1/ed=1/rs=AA2YrTsizlCv_Mwwng2zrtE34d6dGcLnOA:177:439
_.k.dh/<@https://www.gstatic.com/og/_/js/k=og.og2.en_US.lt5LDE_tEJw.O/rt=j/m=def/exm=in,fot/d=1/ed=1/rs=AA2YrTsizlCv_Mwwng2zrtE34d6dGcLnOA:200:236
_.k.Fd@https://www.gstatic.com/og/_/js/k=og.og2.en_US.lt5LDE_tEJw.O/rt=j/m=def/exm=in,fot/d=1/ed=1/rs=AA2YrTsizlCv_Mwwng2zrtE34d6dGcLnOA:192:141
ta.prototype.Ra@https://www.google.co.in/search?client=ubuntu&channel=fs&q=github&ie=utf-8&oe=utf-8&gfe_rd=cr&ei=5j4NWe2IIO2K8QeEsYWADA:21:129
ua.prototype.Ra@https://www.google.co.in/search?client=ubuntu&channel=fs&q=github&ie=utf-8&oe=utf-8&gfe_rd=cr&ei=5j4NWe2IIO2K8QeEsYWADA:22:249
@https://www.gstatic.com/og/_/js/k=og.og2.en_US.lt5LDE_tEJw.O/rt=j/m=def/exm=in,fot/d=1/ed=1/rs=AA2YrTsizlCv_Mwwng2zrtE34d6dGcLnOA:244:115
_.Jg@https://www.google.co.in/search?client=ubuntu&channel=fs&q=github&ie=utf-8&oe=utf-8&gfe_rd=cr&ei=5j4NWe2IIO2K8QeEsYWADA:278:180
@https://www.gstatic.com/og/_/js/k=og.og2.en_US.lt5LDE_tEJw.O/rt=j/m=def/exm=in,fot/d=1/ed=1/rs=AA2YrTsizlCv_Mwwng2zrtE34d6dGcLnOA:244:1
@https://www.gstatic.com/og/_/js/k=og.og2.en_US.lt5LDE_tEJw.O/rt=j/m=def/exm=in,fot/d=1/ed=1/rs=AA2YrTsizlCv_Mwwng2zrtE34d6dGcLnOA:2:1
WARNING: content window passed to PrivateBrowsingUtils.isWindowPrivate. Use isContentWindowPrivate instead (but only for frame scripts).
pbu_isWindowPrivate@resource://gre/modules/PrivateBrowsingUtils.jsm:25:14
pbs<@resource://unity/observer.js:38:71
Observer.prototype.observe@resource://unity/observer.js:77:24
TabsProgressListener.onStateChange@chrome://browser/content/browser.js:15243:9
_callProgressListeners@chrome://browser/content/tabbrowser.xml:558:24
mTabProgressListener/<._callProgressListeners@chrome://browser/content/tabbrowser.xml:602:22
mTabProgressListener/<.onStateChange@chrome://browser/content/tabbrowser.xml:758:1
s_Zd@https://www.google.co.in/xjs/_/js/k=xjs.s.en.hUm3JuA4jzc.O/m=sx,c,sb,cdos,cr,elog,hsm,jsa,r,qsm,j,p,d,csi/am=AEdAUR4vOAD5P0IoCDchLEgpMDGA/rt=j/d=1/t=zcms/rs=ACT90oEZk_A7uIgkv2MEWREb-Ic1ty8DHA:130:77
s_Ge@https://www.google.co.in/xjs/_/js/k=xjs.s.en.hUm3JuA4jzc.O/m=sx,c,sb,cdos,cr,elog,hsm,jsa,r,qsm,j,p,d,csi/am=AEdAUR4vOAD5P0IoCDchLEgpMDGA/rt=j/d=1/t=zcms/rs=ACT90oEZk_A7uIgkv2MEWREb-Ic1ty8DHA:147:262
s_Opa@https://www.google.co.in/xjs/_/js/k=xjs.s.en.hUm3JuA4jzc.O/m=sx,c,sb,cdos,cr,elog,hsm,jsa,r,qsm,j,p,d,csi/am=AEdAUR4vOAD5P0IoCDchLEgpMDGA/rt=j/d=1/t=zcms/rs=ACT90oEZk_A7uIgkv2MEWREb-Ic1ty8DHA:1307:444
WARNING: content window passed to PrivateBrowsingUtils.isWindowPrivate. Use isContentWindowPrivate instead (but only for frame scripts).
pbu_isWindowPrivate@resource://gre/modules/PrivateBrowsingUtils.jsm:25:14
pbs<@resource://unity/observer.js:38:71
Observer.prototype.observe@resource://unity/observer.js:77:24
WARNING: content window passed to PrivateBrowsingUtils.isWindowPrivate. Use isContentWindowPrivate instead (but only for frame scripts).
pbu_isWindowPrivate@resource://gre/modules/PrivateBrowsingUtils.jsm:25:14
pbs<@resource://unity/observer.js:38:71
Observer.prototype.observe@resource://unity/observer.js:77:24
WARNING: content window passed to PrivateBrowsingUtils.isWindowPrivate. Use isContentWindowPrivate instead (but only for frame scripts).
pbu_isWindowPrivate@resource://gre/modules/PrivateBrowsingUtils.jsm:25:14
pbs<@resource://unity/observer.js:38:71
Observer.prototype.observe@resource://unity/observer.js:77:24
Error loading .desktop file /usr/share/applications/gnome-deja-dup-panel.desktop: constructor returned NULL
Error loading .desktop file /usr/share/app-install/desktop/deja-dup:gnome-deja-dup-panel.desktop: constructor returned NULL
WARNING: content window passed to PrivateBrowsingUtils.isWindowPrivate. Use isContentWindowPrivate instead (but only for frame scripts).
pbu_isWindowPrivate@resource://gre/modules/PrivateBrowsingUtils.jsm:25:14
pbs<@resource://unity/observer.js:38:71
Observer.prototype.observe@resource://unity/observer.js:77:24
WARNING: content window passed to PrivateBrowsingUtils.isWindowPrivate. Use isContentWindowPrivate instead (but only for frame scripts).
pbu_isWindowPrivate@resource://gre/modules/PrivateBrowsingUtils.jsm:25:14
pbs<@resource://unity/observer.js:38:71
Observer.prototype.observe@resource://unity/observer.js:77:24
WARNING: content window passed to PrivateBrowsingUtils.isWindowPrivate. Use isContentWindowPrivate instead (but only for frame scripts).
pbu_isWindowPrivate@resource://gre/modules/PrivateBrowsingUtils.jsm:25:14
pbs<@resource://unity/observer.js:38:71
Observer.prototype.observe@resource://unity/observer.js:77:24
WARNING: content window passed to PrivateBrowsingUtils.isWindowPrivate. Use isContentWindowPrivate instead (but only for frame scripts).
pbu_isWindowPrivate@resource://gre/modules/PrivateBrowsingUtils.jsm:25:14
pbs<@resource://unity/observer.js:38:71
Observer.prototype.observe@resource://unity/observer.js:77:24
failed to create drawable
compiz (core) - Warn: glXCreatePixmap failed
1494040641663	addons.update-checker	WARN	Update manifest for {972ce4c6-7e08-4474-a285-3208198ce6fd} did not contain an updates property
1494040643708	addons.update-checker	WARN	Update manifest for online-accounts@lists.launchpad.net did not contain an updates property
1494040643723	addons.update-checker	WARN	Update manifest for webapps-team@lists.launchpad.net did not contain an updates property
1494040643737	addons.update-checker	WARN	Update manifest for {2e1445b0-2682-11e1-bfc2-0800200c9a66} did not contain an updates property
1494040645147	addons.manager	WARN	The hotfix add-on was not signed by the expected certificate and so will not be installed.: [Exception... "A required certificate was not present."  nsresult: "0x80070057 (NS_ERROR_ILLEGAL_VALUE)"  location: "JS frame :: resource://gre/modules/CertUtils.jsm :: validateCert :: line 78"  data: no] Stack trace: validateCert()@resource://gre/modules/CertUtils.jsm:78 < BUC_onDownloadEnded()@resource://gre/modules/AddonManager.jsm:1415 < AMI_callInstallListeners()@resource://gre/modules/AddonManager.jsm:1576 < AMP_callInstallListeners()@resource://gre/modules/AddonManager.jsm:2553 < downloadCompleted_getVisibleAddonForID()@resource://gre/modules/addons/XPIProvider.jsm:5661 < makeSafe/<()@resource://gre/modules/addons/XPIProvider.jsm -> resource://gre/modules/addons/XPIProviderUtils.js:145 < getRepositoryAddon()@resource://gre/modules/addons/XPIProvider.jsm -> resource://gre/modules/addons/XPIProviderUtils.js:126 < this.XPIDatabase.getAddon/<()@resource://gre/modules/addons/XPIProvider.jsm -> resource://gre/modules/addons/XPIProviderUtils.js:1074 < Handler.prototype.process()@resource://gre/modules/Promise.jsm -> resource://gre/modules/Promise-backend.js:867 < this.PromiseWalker.walkerLoop()@resource://gre/modules/Promise.jsm -> resource://gre/modules/Promise-backend.js:746 < this.PromiseWalker.scheduleWalkerLoop/<()@resource://gre/modules/Promise.jsm -> resource://gre/modules/Promise-backend.js:688 < <file:unknown>
WARNING: content window passed to PrivateBrowsingUtils.isWindowPrivate. Use isContentWindowPrivate instead (but only for frame scripts).
pbu_isWindowPrivate@resource://gre/modules/PrivateBrowsingUtils.jsm:25:14
pbs<@resource://unity/observer.js:38:71
Observer.prototype.observe@resource://unity/observer.js:77:24
WARNING: content window passed to PrivateBrowsingUtils.isWindowPrivate. Use isContentWindowPrivate instead (but only for frame scripts).
pbu_isWindowPrivate@resource://gre/modules/PrivateBrowsingUtils.jsm:25:14
pbs<@resource://unity/observer.js:38:71
Observer.prototype.observe@resource://unity/observer.js:77:24
WARNING: content window passed to PrivateBrowsingUtils.isWindowPrivate. Use isContentWindowPrivate instead (but only for frame scripts).
pbu_isWindowPrivate@resource://gre/modules/PrivateBrowsingUtils.jsm:25:14
pbs<@resource://unity/observer.js:38:71
Observer.prototype.observe@resource://unity/observer.js:77:24
WARNING: content window passed to PrivateBrowsingUtils.isWindowPrivate. Use isContentWindowPrivate instead (but only for frame scripts).
pbu_isWindowPrivate@resource://gre/modules/PrivateBrowsingUtils.jsm:25:14
pbs<@resource://unity/observer.js:38:71
Observer.prototype.observe@resource://unity/observer.js:77:24
ERROR 2017-05-05 20:23:26 unity <unknown>:0 atk_object_ref_state_set: assertion 'ATK_IS_OBJECT (accessible)' failed
ERROR 2017-05-05 20:23:26 unity <unknown>:0 atk_state_set_contains_state: assertion 'ATK_IS_STATE_SET (set)' failed
ERROR 2017-05-05 20:23:26 unityding->source != null <unknown>:0 g_object_unref: assertion 'G_IS_OBJECT (object)' failed

(gnome-terminal:3456): GLib-GIO-CRITICAL **: g_settings_get: the format string may not contain '&' (key 'monospace-font-name' from schema 'org.gnome.desktop.interface'). This call will probably stop working with a future version of glib.
Nautilus-Share-Message: Called "net usershare info" but it failed: 'net usershare' returned error 255: net usershare: cannot open usershare directory /var/lib/samba/usershares. Error No such file or directory
Please ask your system administrator to enable user sharing.

WARNING: content window passed to PrivateBrowsingUtils.isWindowPrivate. Use isContentWindowPrivate instead (but only for frame scripts).
pbu_isWindowPrivate@resource://gre/modules/PrivateBrowsingUtils.jsm:25:14
pbs<@resource://unity/observer.js:38:71
Observer.prototype.observe@resource://unity/observer.js:77:24
WARNING: content window passed to PrivateBrowsingUtils.isWindowPrivate. Use isContentWindowPrivate instead (but only for frame scripts).
pbu_isWindowPrivate@resource://gre/modules/PrivateBrowsingUtils.jsm:25:14
pbs<@resource://unity/observer.js:38:71
Observer.prototype.observe@resource://unity/observer.js:77:24
WARNING: content window passed to PrivateBrowsingUtils.isWindowPrivate. Use isContentWindowPrivate instead (but only for frame scripts).
pbu_isWindowPrivate@resource://gre/modules/PrivateBrowsingUtils.jsm:25:14
pbs<@resource://unity/observer.js:38:71
Observer.prototype.observe@resource://unity/observer.js:77:24
WARNING: content window passed to PrivateBrowsingUtils.isWindowPrivate. Use isContentWindowPrivate instead (but only for frame scripts).
pbu_isWindowPrivate@resource://gre/modules/PrivateBrowsingUtils.jsm:25:14
pbs<@resource://unity/observer.js:38:71
Observer.prototype.observe@resource://unity/observer.js:77:24
WARNING: content window passed to PrivateBrowsingUtils.isWindowPrivate. Use isContentWindowPrivate instead (but only for frame scripts).
pbu_isWindowPrivate@resource://gre/modules/PrivateBrowsingUtils.jsm:25:14
pbs<@resource://unity/observer.js:38:71
Observer.prototype.observe@resource://unity/observer.js:77:24
WARNING: content window passed to PrivateBrowsingUtils.isWindowPrivate. Use isContentWindowPrivate instead (but only for frame scripts).
pbu_isWindowPrivate@resource://gre/modules/PrivateBrowsingUtils.jsm:25:14
pbs<@resource://unity/observer.js:38:71
Observer.prototype.observe@resource://unity/observer.js:77:24
WARNING: content window passed to PrivateBrowsingUtils.isWindowPrivate. Use isContentWindowPrivate instead (but only for frame scripts).
pbu_isWindowPrivate@resource://gre/modules/PrivateBrowsingUtils.jsm:25:14
pbs<@resource://unity/observer.js:38:71
Observer.prototype.observe@resource://unity/observer.js:77:24
WARNING: content window passed to PrivateBrowsingUtils.isWindowPrivate. Use isContentWindowPrivate instead (but only for frame scripts).
pbu_isWindowPrivate@resource://gre/modules/PrivateBrowsingUtils.jsm:25:14
pbs<@resource://unity/observer.js:38:71
Observer.prototype.observe@resource://unity/observer.js:77:24
WARNING: content window passed to PrivateBrowsingUtils.isWindowPrivate. Use isContentWindowPrivate instead (but only for frame scripts).
pbu_isWindowPrivate@resource://gre/modules/PrivateBrowsingUtils.jsm:25:14
pbs<@resource://unity/observer.js:38:71
Observer.prototype.observe@resource://unity/observer.js:77:24
WARNING: content window passed to PrivateBrowsingUtils.isWindowPrivate. Use isContentWindowPrivate instead (but only for frame scripts).
pbu_isWindowPrivate@resource://gre/modules/PrivateBrowsingUtils.jsm:25:14
pbs<@resource://unity/observer.js:38:71
Observer.prototype.observe@resource://unity/observer.js:77:24
WARNING: content window passed to PrivateBrowsingUtils.isWindowPrivate. Use isContentWindowPrivate instead (but only for frame scripts).
pbu_isWindowPrivate@resource://gre/modules/PrivateBrowsingUtils.jsm:25:14
pbs<@resource://unity/observer.js:38:71
Observer.prototype.observe@resource://unity/observer.js:77:24
WARNING: content window passed to PrivateBrowsingUtils.isWindowPrivate. Use isContentWindowPrivate instead (but only for frame scripts).
pbu_isWindowPrivate@resource://gre/modules/PrivateBrowsingUtils.jsm:25:14
pbs<@resource://unity/observer.js:38:71
Observer.prototype.observe@resource://unity/observer.js:77:24
WARNING: content window passed to PrivateBrowsingUtils.isWindowPrivate. Use isContentWindowPrivate instead (but only for frame scripts).
pbu_isWindowPrivate@resource://gre/modules/PrivateBrowsingUtils.jsm:25:14
pbs<@resource://unity/observer.js:38:71
Observer.prototype.observe@resource://unity/observer.js:77:24
WARNING: content window passed to PrivateBrowsingUtils.isWindowPrivate. Use isContentWindowPrivate instead (but only for frame scripts).
pbu_isWindowPrivate@resource://gre/modules/PrivateBrowsingUtils.jsm:25:14
pbs<@resource://unity/observer.js:38:71
Observer.prototype.observe@resource://unity/observer.js:77:24
failed to create drawable
compiz (core) - Warn: glXCreatePixmap failed
failed to create drawable
compiz (core) - Warn: glXCreatePixmap failed
failed to create drawable
compiz (core) - Warn: glXCreatePixmap failed
failed to create drawable
compiz (core) - Warn: glXCreatePixmap failed
ERROR 2017-05-05 21:17:33 unity <unknown>:0 atk_object_ref_state_set: assertion 'ATK_IS_OBJECT (accessible)' failed
ERROR 2017-05-05 21:17:33 unity <unknown>:0 atk_state_set_contains_state: assertion 'ATK_IS_STATE_SET (set)' failed
ERROR 2017-05-05 21:17:33 unityding->source != null <unknown>:0 g_object_unref: assertion 'G_IS_OBJECT (object)' failed
failed to create drawable
compiz (core) - Warn: glXCreatePixmap failed
ERROR 2017-05-05 21:39:22 unity <unknown>:0 atk_object_ref_state_set: assertion 'ATK_IS_OBJECT (accessible)' failed
ERROR 2017-05-05 21:39:22 unity <unknown>:0 atk_state_set_contains_state: assertion 'ATK_IS_STATE_SET (set)' failed
ERROR 2017-05-05 21:39:22 unityding->source != null <unknown>:0 g_object_unref: assertion 'G_IS_OBJECT (object)' failed
failed to create drawable
compiz (core) - Warn: glXCreatePixmap failed
ERROR 2017-05-05 22:29:57 unity <unknown>:0 atk_object_ref_state_set: assertion 'ATK_IS_OBJECT (accessible)' failed
ERROR 2017-05-05 22:29:57 unity <unknown>:0 atk_state_set_contains_state: assertion 'ATK_IS_STATE_SET (set)' failed
ERROR 2017-05-05 22:29:57 unityding->source != null <unknown>:0 g_object_unref: assertion 'G_IS_OBJECT (object)' failed
WARNING: content window passed to PrivateBrowsingUtils.isWindowPrivate. Use isContentWindowPrivate instead (but only for frame scripts).
pbu_isWindowPrivate@resource://gre/modules/PrivateBrowsingUtils.jsm:25:14
pbs<@resource://unity/observer.js:38:71
Observer.prototype.observe@resource://unity/observer.js:77:24
WARNING: content window passed to PrivateBrowsingUtils.isWindowPrivate. Use isContentWindowPrivate instead (but only for frame scripts).
pbu_isWindowPrivate@resource://gre/modules/PrivateBrowsingUtils.jsm:25:14
pbs<@resource://unity/observer.js:38:71
Observer.prototype.observe@resource://unity/observer.js:77:24
WARNING: content window passed to PrivateBrowsingUtils.isWindowPrivate. Use isContentWindowPrivate instead (but only for frame scripts).
pbu_isWindowPrivate@resource://gre/modules/PrivateBrowsingUtils.jsm:25:14
pbs<@resource://unity/observer.js:38:71
Observer.prototype.observe@resource://unity/observer.js:77:24
WARNING: content window passed to PrivateBrowsingUtils.isWindowPrivate. Use isContentWindowPrivate instead (but only for frame scripts).
pbu_isWindowPrivate@resource://gre/modules/PrivateBrowsingUtils.jsm:25:14
pbs<@resource://unity/observer.js:38:71
Observer.prototype.observe@resource://unity/observer.js:77:24
WARNING: content window passed to PrivateBrowsingUtils.isWindowPrivate. Use isContentWindowPrivate instead (but only for frame scripts).
pbu_isWindowPrivate@resource://gre/modules/PrivateBrowsingUtils.jsm:25:14
pbs<@resource://unity/observer.js:38:71
Observer.prototype.observe@resource://unity/observer.js:77:24
WARNING: content window passed to PrivateBrowsingUtils.isWindowPrivate. Use isContentWindowPrivate instead (but only for frame scripts).
pbu_isWindowPrivate@resource://gre/modules/PrivateBrowsingUtils.jsm:25:14
pbs<@resource://unity/observer.js:38:71
Observer.prototype.observe@resource://unity/observer.js:77:24
WARNING: content window passed to PrivateBrowsingUtils.isWindowPrivate. Use isContentWindowPrivate instead (but only for frame scripts).
pbu_isWindowPrivate@resource://gre/modules/PrivateBrowsingUtils.jsm:25:14
pbs<@resource://unity/observer.js:38:71
Observer.prototype.observe@resource://unity/observer.js:77:24
1494050393812	addons.xpi	WARN	Exception running bootstrap method shutdown on webapps-team@lists.launchpad.net: ReferenceError: sss is not defined (resource://gre/modules/addons/XPIProvider.jsm -> file:///usr/share/mozilla/extensions/%7Bec8030f7-c20a-464f-9b0e-13a3a9e97384%7D/webapps-team@lists.launchpad.net/bootstrap.js:72:4) JS Stack trace: shutdown@resource://gre/modules/addons/XPIProvider.jsm -> file:///usr/share/mozilla/extensions/%7Bec8030f7-c20a-464f-9b0e-13a3a9e97384%7D/webapps-team@bootstrap.js:72:5 < XPI_callBootstrapMethod@XPIProvider.jsm:4451:9 < shutdownObserver@XPIProvider.jsm:2192:13
failed to create drawable
compiz (core) - Warn: glXCreatePixmap failed

(process:4366): GLib-CRITICAL **: g_slice_set_config: assertion 'sys_page_size == 0' failed
WARNING: content window passed to PrivateBrowsingUtils.isWindowPrivate. Use isContentWindowPrivate instead (but only for frame scripts).
pbu_isWindowPrivate@resource://gre/modules/PrivateBrowsingUtils.jsm:25:14
pbs<@resource://unity/observer.js:38:71
Observer.prototype.observe@resource://unity/observer.js:77:24
get_contentWindow@chrome://global/content/bindings/browser.xml:428:54
get_outerWindowID@chrome://global/content/bindings/browser.xml:412:11
tabbrowser_XBL_Constructor@chrome://browser/content/tabbrowser.xml:3888:13
WARNING: content window passed to PrivateBrowsingUtils.isWindowPrivate. Use isContentWindowPrivate instead (but only for frame scripts).
pbu_isWindowPrivate@resource://gre/modules/PrivateBrowsingUtils.jsm:25:14
pbs<@resource://unity/observer.js:38:71
Observer.prototype.observe@resource://unity/observer.js:77:24
WARNING: content window passed to PrivateBrowsingUtils.isWindowPrivate. Use isContentWindowPrivate instead (but only for frame scripts).
pbu_isWindowPrivate@resource://gre/modules/PrivateBrowsingUtils.jsm:25:14
pbs<@resource://unity/observer.js:38:71
Observer.prototype.observe@resource://unity/observer.js:77:24
WARNING: content window passed to PrivateBrowsingUtils.isWindowPrivate. Use isContentWindowPrivate instead (but only for frame scripts).
pbu_isWindowPrivate@resource://gre/modules/PrivateBrowsingUtils.jsm:25:14
pbs<@resource://unity/observer.js:38:71
Observer.prototype.observe@resource://unity/observer.js:77:24
WARNING: content window passed to PrivateBrowsingUtils.isWindowPrivate. Use isContentWindowPrivate instead (but only for frame scripts).
pbu_isWindowPrivate@resource://gre/modules/PrivateBrowsingUtils.jsm:25:14
pbs<@resource://unity/observer.js:38:71
Observer.prototype.observe@resource://unity/observer.js:77:24
get_contentWindow@chrome://global/content/bindings/browser.xml:428:54
get_securityUI@chrome://global/content/bindings/browser.xml:674:17
browser_XBL_Constructor@chrome://global/content/bindings/browser.xml:798:17
SelfSupportBackendInternal._makeHiddenBrowser/<@resource:///modules/SelfSupportBackend.jsm:192:7
WARNING: content window passed to PrivateBrowsingUtils.isWindowPrivate. Use isContentWindowPrivate instead (but only for frame scripts).
pbu_isWindowPrivate@resource://gre/modules/PrivateBrowsingUtils.jsm:25:14
pbs<@resource://unity/observer.js:38:71
Observer.prototype.observe@resource://unity/observer.js:77:24
WARNING: content window passed to PrivateBrowsingUtils.isWindowPrivate. Use isContentWindowPrivate instead (but only for frame scripts).
pbu_isWindowPrivate@resource://gre/modules/PrivateBrowsingUtils.jsm:25:14
pbs<@resource://unity/observer.js:38:71
Observer.prototype.observe@resource://unity/observer.js:77:24
WARNING: content window passed to PrivateBrowsingUtils.isWindowPrivate. Use isContentWindowPrivate instead (but only for frame scripts).
pbu_isWindowPrivate@resource://gre/modules/PrivateBrowsingUtils.jsm:25:14
pbs<@resource://unity/observer.js:38:71
Observer.prototype.observe@resource://unity/observer.js:77:24

(gnome-terminal:4439): GLib-GIO-CRITICAL **: g_settings_get: the format string may not contain '&' (key 'monospace-font-name' from schema 'org.gnome.desktop.interface'). This call will probably stop working with a future version of glib.
WARNING: content window passed to PrivateBrowsingUtils.isWindowPrivate. Use isContentWindowPrivate instead (but only for frame scripts).
pbu_isWindowPrivate@resource://gre/modules/PrivateBrowsingUtils.jsm:25:14
pbs<@resource://unity/observer.js:38:71
Observer.prototype.observe@resource://unity/observer.js:77:24
WARNING: content window passed to PrivateBrowsingUtils.isWindowPrivate. Use isContentWindowPrivate instead (but only for frame scripts).
pbu_isWindowPrivate@resource://gre/modules/PrivateBrowsingUtils.jsm:25:14
pbs<@resource://unity/observer.js:38:71
Observer.prototype.observe@resource://unity/observer.js:77:24
WARNING: content window passed to PrivateBrowsingUtils.isWindowPrivate. Use isContentWindowPrivate instead (but only for frame scripts).
pbu_isWindowPrivate@resource://gre/modules/PrivateBrowsingUtils.jsm:25:14
pbs<@resource://unity/observer.js:38:71
Observer.prototype.observe@resource://unity/observer.js:77:24
WARNING: content window passed to PrivateBrowsingUtils.isWindowPrivate. Use isContentWindowPrivate instead (but only for frame scripts).
pbu_isWindowPrivate@resource://gre/modules/PrivateBrowsingUtils.jsm:25:14
pbs<@resource://unity/observer.js:38:71
Observer.prototype.observe@resource://unity/observer.js:77:24
WARNING: content window passed to PrivateBrowsingUtils.isWindowPrivate. Use isContentWindowPrivate instead (but only for frame scripts).
pbu_isWindowPrivate@resource://gre/modules/PrivateBrowsingUtils.jsm:25:14
pbs<@resource://unity/observer.js:38:71
Observer.prototype.observe@resource://unity/observer.js:77:24
