[2017-05-03 02:22:17] requirements_debian_update_system
requirements_debian_update_system () 
{ 
    __rvm_try_sudo apt-get --quiet --yes update || { 
        \typeset __ret=$?;
        case ${__ret} in 
            100)
                rvm_error "There has been error while updating 'apt-get', please give it some time and try again later.
404 errors should be fixed for rvm to proceed. Check your sources configured in:
    /etc/apt/sources.list
    /etc/apt/sources.list.d/*.list
"
            ;;
        esac;
        return ${__ret}
    }
}
current path: /home/bhargavi
PATH=/usr/local/sbin:/usr/local/bin:/usr/sbin:/usr/bin:/sbin:/bin:/usr/games:/usr/local/games:/home/bhargavi/.rvm/bin
command(2): requirements_debian_update_system ruby-2.4.0
++ __rvm_try_sudo apt-get --quiet --yes update
++ typeset -a command_to_run
++ typeset sudo_path sbin_path missing_paths
++ command_to_run=("$@")
++ ((  UID == 0  ))
++ case "$rvm_autolibs_flag_number" in
++ is_a_function __rvm_sudo
++ typeset -f __rvm_sudo
++ missing_paths=
++ for sbin_path in /sbin /usr/sbin /usr/local/sbin
++ [[ -d /sbin ]]
++ [[ :/usr/local/sbin:/usr/local/bin:/usr/sbin:/usr/bin:/sbin:/bin:/usr/games:/usr/local/games:/home/bhargavi/.rvm/bin: != *\:\/\s\b\i\n\:* ]]
++ for sbin_path in /sbin /usr/sbin /usr/local/sbin
++ [[ -d /usr/sbin ]]
++ [[ :/usr/local/sbin:/usr/local/bin:/usr/sbin:/usr/bin:/sbin:/bin:/usr/games:/usr/local/games:/home/bhargavi/.rvm/bin: != *\:\/\u\s\r\/\s\b\i\n\:* ]]
++ for sbin_path in /sbin /usr/sbin /usr/local/sbin
++ [[ -d /usr/local/sbin ]]
++ [[ :/usr/local/sbin:/usr/local/bin:/usr/sbin:/usr/bin:/sbin:/bin:/usr/games:/usr/local/games:/home/bhargavi/.rvm/bin: != *\:\/\u\s\r\/\l\o\c\a\l\/\s\b\i\n\:* ]]
++ [[ -n '' ]]
++ command_to_run=(__rvm_sudo -p "%p password required for '$*': " "${command_to_run[@]}")
++ __rvm_sudo -p '%p password required for '\''apt-get --quiet --yes update'\'': ' apt-get --quiet --yes update
++ command sudo -p '%p password required for '\''apt-get --quiet --yes update'\'': ' apt-get --quiet --yes update
++ sudo -p '%p password required for '\''apt-get --quiet --yes update'\'': ' apt-get --quiet --yes update
Get:1 http://security.ubuntu.com trusty-security InRelease [65.9 kB]
Ign http://extras.ubuntu.com trusty InRelease
Hit http://extras.ubuntu.com trusty Release.gpg
Ign http://us.archive.ubuntu.com trusty InRelease
Hit http://extras.ubuntu.com trusty Release
Get:2 http://us.archive.ubuntu.com trusty-updates InRelease [65.9 kB]
Hit https://deb.nodesource.com trusty InRelease
Hit https://deb.nodesource.com trusty/main Sources
Hit http://extras.ubuntu.com trusty/main Sources
Hit https://deb.nodesource.com trusty/main i386 Packages
Get:3 https://deb.nodesource.com trusty/main Translation-en_US
Get:4 http://security.ubuntu.com trusty-security/main Sources [129 kB]
Hit http://extras.ubuntu.com trusty/main i386 Packages
Ign https://deb.nodesource.com trusty/main Translation-en_US
Ign https://deb.nodesource.com trusty/main Translation-en
Hit http://us.archive.ubuntu.com trusty-backports InRelease
Get:5 http://security.ubuntu.com trusty-security/restricted Sources [4,941 B]
Get:6 http://security.ubuntu.com trusty-security/universe Sources [52.5 kB]
Hit http://us.archive.ubuntu.com trusty Release.gpg
Get:7 http://security.ubuntu.com trusty-security/multiverse Sources [3,196 B]
Get:8 http://us.archive.ubuntu.com trusty-updates/main Sources [397 kB]
Get:9 http://security.ubuntu.com trusty-security/main i386 Packages [568 kB]
Ign http://extras.ubuntu.com trusty/main Translation-en_US
Ign http://extras.ubuntu.com trusty/main Translation-en
Get:10 http://security.ubuntu.com trusty-security/restricted i386 Packages [13.8 kB]
Get:11 http://us.archive.ubuntu.com trusty-updates/restricted Sources [6,327 B]
Get:12 http://security.ubuntu.com trusty-security/universe i386 Packages [157 kB]
Get:13 http://us.archive.ubuntu.com trusty-updates/universe Sources [178 kB]
Get:14 http://security.ubuntu.com trusty-security/multiverse i386 Packages [4,288 B]
Hit http://security.ubuntu.com trusty-security/main Translation-en
Hit http://security.ubuntu.com trusty-security/multiverse Translation-en
Get:15 http://us.archive.ubuntu.com trusty-updates/multiverse Sources [7,759 B]
Hit http://security.ubuntu.com trusty-security/restricted Translation-en
Hit http://security.ubuntu.com trusty-security/universe Translation-en
Get:16 http://us.archive.ubuntu.com trusty-updates/main i386 Packages [936 kB]
Get:17 http://us.archive.ubuntu.com trusty-updates/restricted i386 Packages [16.9 kB]
Get:18 http://us.archive.ubuntu.com trusty-updates/universe i386 Packages [406 kB]
Get:19 http://us.archive.ubuntu.com trusty-updates/multiverse i386 Packages [14.6 kB]
Hit http://us.archive.ubuntu.com trusty-updates/main Translation-en
Hit http://us.archive.ubuntu.com trusty-updates/multiverse Translation-en
Hit http://us.archive.ubuntu.com trusty-updates/restricted Translation-en
Hit http://us.archive.ubuntu.com trusty-updates/universe Translation-en
Hit http://us.archive.ubuntu.com trusty-backports/main Sources
Hit http://us.archive.ubuntu.com trusty-backports/restricted Sources
Hit http://us.archive.ubuntu.com trusty-backports/universe Sources
Hit http://us.archive.ubuntu.com trusty-backports/multiverse Sources
Hit http://us.archive.ubuntu.com trusty-backports/main i386 Packages
Hit http://us.archive.ubuntu.com trusty-backports/restricted i386 Packages
Hit http://us.archive.ubuntu.com trusty-backports/universe i386 Packages
Hit http://us.archive.ubuntu.com trusty-backports/multiverse i386 Packages
Hit http://us.archive.ubuntu.com trusty-backports/main Translation-en
Hit http://us.archive.ubuntu.com trusty-backports/multiverse Translation-en
Hit http://us.archive.ubuntu.com trusty-backports/restricted Translation-en
Hit http://us.archive.ubuntu.com trusty-backports/universe Translation-en
Hit http://us.archive.ubuntu.com trusty Release
Hit http://us.archive.ubuntu.com trusty/main Sources
Hit http://us.archive.ubuntu.com trusty/restricted Sources
Hit http://us.archive.ubuntu.com trusty/universe Sources
Hit http://us.archive.ubuntu.com trusty/multiverse Sources
Hit http://us.archive.ubuntu.com trusty/main i386 Packages
Hit http://us.archive.ubuntu.com trusty/restricted i386 Packages
Hit http://us.archive.ubuntu.com trusty/universe i386 Packages
Hit http://us.archive.ubuntu.com trusty/multiverse i386 Packages
Hit http://us.archive.ubuntu.com trusty/main Translation-en
Hit http://us.archive.ubuntu.com trusty/multiverse Translation-en
Hit http://us.archive.ubuntu.com trusty/restricted Translation-en
Hit http://us.archive.ubuntu.com trusty/universe Translation-en
Ign http://us.archive.ubuntu.com trusty/main Translation-en_US
Ign http://us.archive.ubuntu.com trusty/multiverse Translation-en_US
Ign http://us.archive.ubuntu.com trusty/restricted Translation-en_US
Ign http://us.archive.ubuntu.com trusty/universe Translation-en_US
Fetched 3,028 kB in 22s (132 kB/s)
Reading package lists...
